<?xml version="1.0" encoding="UTF-8"?>
<!-- Generated by org.testng.reporters.JUnitReportReporter -->
<testsuite skipped="0" hostname="Ritwik-2285-QA" name="DemoMidTrans.TestCases" tests="11" failures="0" timestamp="29 Aug 2021 13:13:18 GMT" time="494.522" errors="0">
  <testcase name="verifyShoppingCartDetailsArePresent" time="3.735" classname="DemoMidTrans.TestCases"/>
  <testcase name="verifyClickingOnBuyNowUserGetsRedirectedToCheckoutPopUp" time="3.608" classname="DemoMidTrans.TestCases"/>
  <testcase name="verifyCustomerDetailsArePresent" time="4.311" classname="DemoMidTrans.TestCases"/>
  <testcase name="verifyUserCanEnterCustomerDetails" time="6.253" classname="DemoMidTrans.TestCases"/>
  <testcase name="verifyUserRedirectsToOrderSummaryPopUpOnClickingCheckoutButton" time="64.058" classname="DemoMidTrans.TestCases"/>
  <testcase name="verifyProductOrderDetailsOnOrderSummaryPopUpPage" time="64.096" classname="DemoMidTrans.TestCases"/>
  <testcase name="verifyUserGetsRedirectedToSelectPaymentPageOnClickingContinueInOrderSummaryPage" time="66.358" classname="DemoMidTrans.TestCases"/>
  <testcase name="verifyAllThePaymentOptionsAreListedOnSelectPaymentPage" time="66.772" classname="DemoMidTrans.TestCases"/>
  <testcase name="verifyUserGetsRedirectedToCreditDebitCardDetailsScreen" time="68.529" classname="DemoMidTrans.TestCases"/>
  <testcase name="verifyClickingOnCouponCodesAndValidatingOrderAmount" time="75.496" classname="DemoMidTrans.TestCases"/>
  <testcase name="verifyEnteringValidCardDetailsAndClickingOnPayNow" time="71.306" classname="DemoMidTrans.TestCases"/>
</testsuite> <!-- DemoMidTrans.TestCases -->
