<?xml version="1.0" encoding="UTF-8"?>
<!-- Generated by org.testng.reporters.JUnitReportReporter -->
<testsuite skipped="0" hostname="Ritwik-2285-QA" name="DemoMidTrans.TestCases" tests="12" failures="0" timestamp="30 Aug 2021 08:06:55 GMT" time="563.868" errors="0">
  <testcase name="verifyShoppingCartDetailsArePresent" time="3.688" classname="DemoMidTrans.TestCases"/>
  <testcase name="verifyClickingOnBuyNowUserGetsRedirectedToCheckoutPopUp" time="3.730" classname="DemoMidTrans.TestCases"/>
  <testcase name="verifyCustomerDetailsArePresent" time="4.496" classname="DemoMidTrans.TestCases"/>
  <testcase name="verifyUserCanEnterCustomerDetails" time="6.483" classname="DemoMidTrans.TestCases"/>
  <testcase name="verifyUserRedirectsToOrderSummaryPopUpOnClickingCheckoutButton" time="64.063" classname="DemoMidTrans.TestCases"/>
  <testcase name="verifyProductOrderDetailsOnOrderSummaryPopUpPage" time="64.014" classname="DemoMidTrans.TestCases"/>
  <testcase name="verifyUserGetsRedirectedToSelectPaymentPageOnClickingContinueInOrderSummaryPage" time="66.135" classname="DemoMidTrans.TestCases"/>
  <testcase name="verifyAllThePaymentOptionsAreListedOnSelectPaymentPage" time="66.476" classname="DemoMidTrans.TestCases"/>
  <testcase name="verifyUserGetsRedirectedToCreditDebitCardDetailsScreen" time="68.286" classname="DemoMidTrans.TestCases"/>
  <testcase name="verifyClickingOnCouponCodesAndValidatingOrderAmount" time="75.290" classname="DemoMidTrans.TestCases"/>
  <testcase name="verifyEnteringValidCardDetailsAndClickingOnPayNow" time="70.740" classname="DemoMidTrans.TestCases"/>
  <testcase name="verifyDetailsOnBankPaymentScreen" time="70.467" classname="DemoMidTrans.TestCases"/>
</testsuite> <!-- DemoMidTrans.TestCases -->
