<?xml version="1.0" encoding="UTF-8"?>
<!-- Generated by org.testng.reporters.JUnitReportReporter -->
<testsuite skipped="0" hostname="Ritwik-2285-QA" name="DemoMidTrans.TestCases" tests="15" failures="0" timestamp="31 Aug 2021 12:16:46 GMT" time="805.938" errors="0">
  <testcase name="verifyShoppingCartDetailsArePresent" time="3.448" classname="DemoMidTrans.TestCases"/>
  <testcase name="verifyClickingOnBuyNowUserGetsRedirectedToCheckoutPopUp" time="3.503" classname="DemoMidTrans.TestCases"/>
  <testcase name="verifyCustomerDetailsArePresent" time="3.820" classname="DemoMidTrans.TestCases"/>
  <testcase name="verifyUserCanEnterCustomerDetails" time="7.887" classname="DemoMidTrans.TestCases"/>
  <testcase name="verifyUserRedirectsToOrderSummaryPopUpOnClickingCheckoutButton" time="65.210" classname="DemoMidTrans.TestCases"/>
  <testcase name="verifyProductOrderDetailsOnOrderSummaryPopUpPage" time="64.187" classname="DemoMidTrans.TestCases"/>
  <testcase name="verifyUserGetsRedirectedToSelectPaymentPageOnClickingContinueInOrderSummaryPage" time="65.880" classname="DemoMidTrans.TestCases"/>
  <testcase name="verifyAllThePaymentOptionsAreListedOnSelectPaymentPage" time="66.496" classname="DemoMidTrans.TestCases"/>
  <testcase name="verifyUserGetsRedirectedToCreditDebitCardDetailsScreen" time="68.699" classname="DemoMidTrans.TestCases"/>
  <testcase name="verifyClickingOnCouponCodesAndValidatingOrderAmount" time="75.174" classname="DemoMidTrans.TestCases"/>
  <testcase name="verifyEnteringValidCardDetailsAndClickingOnPayNow" time="71.229" classname="DemoMidTrans.TestCases"/>
  <testcase name="verifyDetailsOnBankPaymentScreen" time="73.920" classname="DemoMidTrans.TestCases"/>
  <testcase name="verifyOnClickingOnOkButtonUserGetsRedirectedToOrderSuccessfulScreen" time="79.339" classname="DemoMidTrans.TestCases"/>
  <testcase name="verifyOnGivingInvalidPasswordUserGetsRedirectedToOrderFailScreen" time="78.699" classname="DemoMidTrans.TestCases"/>
  <testcase name="verifyOnClickingCancelUserGetsRedirectedToOrderFailScreen" time="78.447" classname="DemoMidTrans.TestCases"/>
</testsuite> <!-- DemoMidTrans.TestCases -->
