<?xml version="1.0" encoding="UTF-8"?>
<!-- Generated by org.testng.reporters.JUnitReportReporter -->
<testsuite skipped="0" hostname="Ritwik-2285-QA" name="DemoMidTrans.TestCases" tests="15" failures="0" timestamp="31 Aug 2021 11:04:15 GMT" time="806.236" errors="0">
  <testcase name="verifyShoppingCartDetailsArePresent" time="4.636" classname="DemoMidTrans.TestCases"/>
  <testcase name="verifyClickingOnBuyNowUserGetsRedirectedToCheckoutPopUp" time="4.310" classname="DemoMidTrans.TestCases"/>
  <testcase name="verifyCustomerDetailsArePresent" time="4.334" classname="DemoMidTrans.TestCases"/>
  <testcase name="verifyUserCanEnterCustomerDetails" time="7.238" classname="DemoMidTrans.TestCases"/>
  <testcase name="verifyUserRedirectsToOrderSummaryPopUpOnClickingCheckoutButton" time="64.451" classname="DemoMidTrans.TestCases"/>
  <testcase name="verifyProductOrderDetailsOnOrderSummaryPopUpPage" time="64.707" classname="DemoMidTrans.TestCases"/>
  <testcase name="verifyUserGetsRedirectedToSelectPaymentPageOnClickingContinueInOrderSummaryPage" time="66.741" classname="DemoMidTrans.TestCases"/>
  <testcase name="verifyAllThePaymentOptionsAreListedOnSelectPaymentPage" time="67.124" classname="DemoMidTrans.TestCases"/>
  <testcase name="verifyUserGetsRedirectedToCreditDebitCardDetailsScreen" time="68.841" classname="DemoMidTrans.TestCases"/>
  <testcase name="verifyClickingOnCouponCodesAndValidatingOrderAmount" time="76.171" classname="DemoMidTrans.TestCases"/>
  <testcase name="verifyEnteringValidCardDetailsAndClickingOnPayNow" time="71.113" classname="DemoMidTrans.TestCases"/>
  <testcase name="verifyDetailsOnBankPaymentScreen" time="73.760" classname="DemoMidTrans.TestCases"/>
  <testcase name="verifyOnClickingOnOkButtonUserGetsRedirectedToOrderSuccessfulScreen" time="77.588" classname="DemoMidTrans.TestCases"/>
  <testcase name="verifyOnGivingInvalidPasswordUserGetsRedirectedToOrderFailScreen" time="76.584" classname="DemoMidTrans.TestCases"/>
  <testcase name="verifyOnClickingCancelUserGetsRedirectedToOrderFailScreen" time="78.638" classname="DemoMidTrans.TestCases"/>
</testsuite> <!-- DemoMidTrans.TestCases -->
