<?xml version="1.0" encoding="UTF-8"?>
<!-- Generated by org.testng.reporters.JUnitReportReporter -->
<testsuite skipped="0" hostname="Ritwik-2285-QA" name="DemoMidTrans.TestCases" tests="15" failures="0" timestamp="31 Aug 2021 13:25:47 GMT" time="818.187" errors="0">
  <testcase name="verifyShoppingCartDetailsArePresent" time="6.376" classname="DemoMidTrans.TestCases"/>
  <testcase name="verifyClickingOnBuyNowUserGetsRedirectedToCheckoutPopUp" time="6.895" classname="DemoMidTrans.TestCases"/>
  <testcase name="verifyCustomerDetailsArePresent" time="4.352" classname="DemoMidTrans.TestCases"/>
  <testcase name="verifyUserCanEnterCustomerDetails" time="7.713" classname="DemoMidTrans.TestCases"/>
  <testcase name="verifyUserRedirectsToOrderSummaryPopUpOnClickingCheckoutButton" time="64.228" classname="DemoMidTrans.TestCases"/>
  <testcase name="verifyProductOrderDetailsOnOrderSummaryPopUpPage" time="64.454" classname="DemoMidTrans.TestCases"/>
  <testcase name="verifyUserGetsRedirectedToSelectPaymentPageOnClickingContinueInOrderSummaryPage" time="66.544" classname="DemoMidTrans.TestCases"/>
  <testcase name="verifyAllThePaymentOptionsAreListedOnSelectPaymentPage" time="67.210" classname="DemoMidTrans.TestCases"/>
  <testcase name="verifyUserGetsRedirectedToCreditDebitCardDetailsScreen" time="68.805" classname="DemoMidTrans.TestCases"/>
  <testcase name="verifyClickingOnCouponCodesAndValidatingOrderAmount" time="76.312" classname="DemoMidTrans.TestCases"/>
  <testcase name="verifyEnteringValidCardDetailsAndClickingOnPayNow" time="73.305" classname="DemoMidTrans.TestCases"/>
  <testcase name="verifyDetailsOnBankPaymentScreen" time="73.528" classname="DemoMidTrans.TestCases"/>
  <testcase name="verifyOnClickingOnOkButtonUserGetsRedirectedToOrderSuccessfulScreen" time="80.072" classname="DemoMidTrans.TestCases"/>
  <testcase name="verifyOnGivingInvalidPasswordUserGetsRedirectedToOrderFailScreen" time="79.264" classname="DemoMidTrans.TestCases"/>
  <testcase name="verifyOnClickingCancelUserGetsRedirectedToOrderFailScreen" time="79.129" classname="DemoMidTrans.TestCases"/>
</testsuite> <!-- DemoMidTrans.TestCases -->
